2025-06-26 07:12:00 | WARN | repo=ImageMagick | action=commit
2025-10-16 20:12:00 | DEBUG | repo=ImageMagick | action=edit | files=3
2025-01-19 19:36:00 | DEBUG | repo=ImageMagick | action=commit
2025-01-10 08:24:00 | WARN | repo=ImageMagick | action=commit
2025-03-19 21:36:00 | INFO | repo=ImageMagick | action=commit
2025-03-10 15:55:00 | WARN | repo=ImageMagick | action=commit
2025-02-02 14:17:00 | DEBUG | repo=ImageMagick | action=commit
2025-06-10 15:33:00 | DEBUG | repo=ImageMagick | action=commit
2025-01-06 18:25:00 | INFO | repo=ImageMagick | action=pull
2025-04-20 16:43:00 | INFO | repo=ImageMagick | action=edit | files=3
2025-11-16 19:31:00 | WARN | repo=ImageMagick | action=commit
2025-12-16 19:39:00 | DEBUG | repo=ImageMagick | action=edit | files=1
2025-04-17 16:13:00 | DEBUG | repo=ImageMagick | action=commit
2025-01-22 11:27:00 | DEBUG | repo=ImageMagick | action=pull
2025-11-18 19:17:00 | INFO | repo=ImageMagick | action=commit
2025-10-14 09:04:00 | INFO | repo=ImageMagick | action=commit
2025-01-17 12:44:00 | WARN | repo=ImageMagick | action=commit
2025-02-09 09:37:00 | DEBUG | repo=ImageMagick | action=commit
2025-08-05 21:46:00 | DEBUG | repo=ImageMagick | action=commit
2025-07-21 11:13:00 | DEBUG | repo=ImageMagick | action=commit
2025-12-24 19:08:00 | WARN | repo=ImageMagick | action=commit
2025-05-06 18:57:00 | INFO | repo=ImageMagick | action=edit | files=4
2025-05-04 18:59:00 | INFO | repo=ImageMagick | action=test | passed=true
2025-01-26 08:30:00 | DEBUG | repo=ImageMagick | action=commit
2025-05-19 15:37:00 | DEBUG | repo=ImageMagick | action=commit
2025-09-24 16:43:00 | DEBUG | repo=ImageMagick | action=commit
2025-12-21 11:35:00 | WARN | repo=ImageMagick | action=test | passed=true
2025-08-06 18:53:00 | INFO | repo=ImageMagick | action=commit
2025-02-24 13:14:00 | INFO | repo=ImageMagick | action=commit
2025-03-14 15:31:00 | WARN | repo=ImageMagick | action=commit
2025-12-23 09:29:00 | WARN | repo=ImageMagick | action=commit
2025-11-28 13:48:00 | INFO | repo=ImageMagick | action=commit
2025-07-14 17:43:00 | DEBUG | repo=ImageMagick | action=commit
2025-08-02 07:55:00 | INFO | repo=ImageMagick | action=test | passed=true
2025-08-24 18:46:00 | DEBUG | repo=ImageMagick | action=commit
2025-11-17 08:01:00 | WARN | repo=ImageMagick | action=commit
2025-06-26 10:20:00 | INFO | repo=ImageMagick | action=commit
2025-08-15 07:55:00 | INFO | repo=ImageMagick | action=commit
2025-10-06 14:37:00 | WARN | repo=ImageMagick | action=commit
2025-10-09 07:21:00 | INFO | repo=ImageMagick | action=commit
2025-01-06 15:10:00 | INFO | repo=ImageMagick | action=commit
2025-01-12 19:13:00 | INFO | repo=ImageMagick | action=commit
2025-05-14 15:32:00 | WARN | repo=ImageMagick | action=commit
2025-10-24 16:12:00 | INFO | repo=ImageMagick | action=commit
2025-08-27 15:17:00 | INFO | repo=ImageMagick | action=commit
2025-07-24 15:26:00 | WARN | repo=ImageMagick | action=pull
2025-08-09 19:04:00 | WARN | repo=ImageMagick | action=edit | files=1
2025-12-04 18:45:00 | WARN | repo=ImageMagick | action=test | passed=true
2025-05-28 07:58:00 | INFO | repo=ImageMagick | action=test | passed=true
2025-03-04 07:52:00 | WARN | repo=ImageMagick | action=edit | files=5
2025-07-05 08:48:00 | WARN | repo=ImageMagick | action=commit
2025-02-24 09:03:00 | INFO | repo=ImageMagick | action=commit
2025-02-01 21:59:00 | WARN | repo=ImageMagick | action=commit
2025-04-19 19:29:00 | WARN | repo=ImageMagick | action=commit
2025-07-02 09:22:00 | WARN | repo=ImageMagick | action=commit
2025-12-02 08:29:00 | INFO | repo=ImageMagick | action=commit
2025-01-10 17:15:00 | DEBUG | repo=ImageMagick | action=commit
2025-05-23 19:08:00 | INFO | repo=ImageMagick | action=commit
2025-09-16 17:46:00 | WARN | repo=ImageMagick | action=commit
